[debug] [2024-03-05T08:10:03.505Z] ----------------------------------------------------------------------
[debug] [2024-03-05T08:10:03.509Z] Command:       /usr/bin/firebase /home/rain/.cache/firebase/tools/lib/node_modules/firebase-tools/lib/bin/firebase emulators:start
[debug] [2024-03-05T08:10:03.509Z] CLI Version:   13.4.0
[debug] [2024-03-05T08:10:03.510Z] Platform:      linux
[debug] [2024-03-05T08:10:03.510Z] Node Version:  v18.5.0
[debug] [2024-03-05T08:10:03.517Z] Time:          Tue Mar 05 2024 15:10:03 GMT+0700 (Western Indonesia Time)
[debug] [2024-03-05T08:10:03.517Z] ----------------------------------------------------------------------
[debug] 
[debug] [2024-03-05T08:10:04.114Z] >>> [apiv2][query] GET https://firebase-public.firebaseio.com/cli.json [none]
[debug] [2024-03-05T08:10:04.477Z] > command requires scopes: ["email","openid","https://www.googleapis.com/auth/cloudplatformprojects.readonly","https://www.googleapis.com/auth/firebase","https://www.googleapis.com/auth/cloud-platform"]
[debug] [2024-03-05T08:10:04.478Z] > authorizing via signed-in user (aliahmadfahrezy@gmail.com)
[debug] [2024-03-05T08:10:05.054Z] <<< [apiv2][status] GET https://firebase-public.firebaseio.com/cli.json 200
[debug] [2024-03-05T08:10:05.055Z] <<< [apiv2][body] GET https://firebase-public.firebaseio.com/cli.json {"cloudBuildErrorAfter":1594252800000,"cloudBuildWarnAfter":1590019200000,"defaultNode10After":1594252800000,"minVersion":"3.0.5","node8DeploysDisabledAfter":1613390400000,"node8RuntimeDisabledAfter":1615809600000,"node8WarnAfter":1600128000000}
[debug] [2024-03-05T08:10:06.736Z] openjdk version "21.0.2" 2024-01-16
OpenJDK Runtime Environment (build 21.0.2+13)
OpenJDK 64-Bit Server VM (build 21.0.2+13, mixed mode, sharing)

[debug] [2024-03-05T08:10:06.748Z] Parsed Java major version: 21
[info] i  emulators: Starting emulators: auth, firestore, database {"metadata":{"emulator":{"name":"hub"},"message":"Starting emulators: auth, firestore, database"}}
[debug] [2024-03-05T08:10:06.758Z] [logging] Logging Emulator only supports listening on one address (127.0.0.1). Not listening on ::1
[debug] [2024-03-05T08:10:06.759Z] [auth] Authentication Emulator only supports listening on one address (127.0.0.1). Not listening on ::1
[debug] [2024-03-05T08:10:06.759Z] [firestore] Firestore Emulator only supports listening on one address (127.0.0.1). Not listening on ::1
[debug] [2024-03-05T08:10:06.759Z] [firestore.websocket] websocket server for firestore only supports listening on one address (127.0.0.1). Not listening on ::1
[debug] [2024-03-05T08:10:06.759Z] [database] Database Emulator only supports listening on one address (127.0.0.1). Not listening on ::1
[debug] [2024-03-05T08:10:06.760Z] assigned listening specs for emulators {"user":{"hub":[{"address":"127.0.0.1","family":"IPv4","port":4400},{"address":"::1","family":"IPv6","port":4400}],"ui":[{"address":"127.0.0.1","family":"IPv4","port":4000},{"address":"::1","family":"IPv6","port":4000}],"logging":[{"address":"127.0.0.1","family":"IPv4","port":4500}],"auth":[{"address":"127.0.0.1","family":"IPv4","port":9099}],"firestore":[{"address":"127.0.0.1","family":"IPv4","port":8080}],"firestore.websocket":[{"address":"127.0.0.1","family":"IPv4","port":9150}],"database":[{"address":"127.0.0.1","family":"IPv4","port":9000}]},"metadata":{"message":"assigned listening specs for emulators"}}
[debug] [2024-03-05T08:10:06.928Z] [hub] writing locator at /tmp/hub-jatimtour.json
[debug] [2024-03-05T08:10:06.971Z] Ignoring unsupported arg: auto_download {"metadata":{"emulator":{"name":"firestore"},"message":"Ignoring unsupported arg: auto_download"}}
[debug] [2024-03-05T08:10:06.971Z] Ignoring unsupported arg: single_project_mode_error {"metadata":{"emulator":{"name":"firestore"},"message":"Ignoring unsupported arg: single_project_mode_error"}}
[debug] [2024-03-05T08:10:06.971Z] Starting Firestore Emulator with command {"binary":"java","args":["-Dgoogle.cloud_firestore.debug_log_level=FINE","-Duser.language=en","-jar","/home/rain/.cache/firebase/emulators/cloud-firestore-emulator-v1.19.1.jar","--host","127.0.0.1","--port",8080,"--websocket_port",9150,"--project_id","jatimtour","--rules","/home/rain/Programming/Dart/jatimtour/firestore.rules","--single_project_mode",true],"optionalArgs":["port","webchannel_port","host","rules","websocket_port","functions_emulator","seed_from_export","project_id","single_project_mode"],"joinArgs":false} {"metadata":{"emulator":{"name":"firestore"},"message":"Starting Firestore Emulator with command {\"binary\":\"java\",\"args\":[\"-Dgoogle.cloud_firestore.debug_log_level=FINE\",\"-Duser.language=en\",\"-jar\",\"/home/rain/.cache/firebase/emulators/cloud-firestore-emulator-v1.19.1.jar\",\"--host\",\"127.0.0.1\",\"--port\",8080,\"--websocket_port\",9150,\"--project_id\",\"jatimtour\",\"--rules\",\"/home/rain/Programming/Dart/jatimtour/firestore.rules\",\"--single_project_mode\",true],\"optionalArgs\":[\"port\",\"webchannel_port\",\"host\",\"rules\",\"websocket_port\",\"functions_emulator\",\"seed_from_export\",\"project_id\",\"single_project_mode\"],\"joinArgs\":false}"}}
[info] i  firestore: Firestore Emulator logging to firestore-debug.log {"metadata":{"emulator":{"name":"firestore"},"message":"Firestore Emulator logging to \u001b[1mfirestore-debug.log\u001b[22m"}}
[debug] [2024-03-05T08:10:15.783Z] Mar 05, 2024 3:10:15 PM com.google.cloud.datastore.emulator.firestore.websocket.WebSocketServer start
INFO: Started WebSocket server on ws://127.0.0.1:9150
 {"metadata":{"emulator":{"name":"firestore"},"message":"Mar 05, 2024 3:10:15 PM com.google.cloud.datastore.emulator.firestore.websocket.WebSocketServer start\nINFO: Started WebSocket server on ws://127.0.0.1:9150\n"}}
[debug] [2024-03-05T08:10:15.997Z] API endpoint: http://127.0.0.1:8080
If you are using a library that supports the FIRESTORE_EMULATOR_HOST environment variable, run:

   export FIRESTORE_EMULATOR_HOST=127.0.0.1:8080

If you are running a Firestore in Datastore Mode project, run:

   export DATASTORE_EMULATOR_HOST=127.0.0.1:8080

Note: Support for Datastore Mode is in preview. If you encounter any bugs please file at https://github.com/firebase/firebase-tools/issues.
Dev App Server is now running.

 {"metadata":{"emulator":{"name":"firestore"},"message":"API endpoint: http://127.0.0.1:8080\nIf you are using a library that supports the FIRESTORE_EMULATOR_HOST environment variable, run:\n\n   export FIRESTORE_EMULATOR_HOST=127.0.0.1:8080\n\nIf you are running a Firestore in Datastore Mode project, run:\n\n   export DATASTORE_EMULATOR_HOST=127.0.0.1:8080\n\nNote: Support for Datastore Mode is in preview. If you encounter any bugs please file at https://github.com/firebase/firebase-tools/issues.\nDev App Server is now running.\n\n"}}
[info] ✔  firestore: Firestore Emulator UI websocket is running on 9150. {"metadata":{"emulator":{"name":"firestore"},"message":"Firestore Emulator UI websocket is running on 9150."}}
[debug] [2024-03-05T08:10:16.064Z] > refreshing access token with scopes: []
[debug] [2024-03-05T08:10:16.065Z] >>> [apiv2][query] POST https://www.googleapis.com/oauth2/v3/token [none]
[debug] [2024-03-05T08:10:16.066Z] >>> [apiv2][body] POST https://www.googleapis.com/oauth2/v3/token [omitted]
[debug] [2024-03-05T08:10:16.248Z] <<< [apiv2][status] POST https://www.googleapis.com/oauth2/v3/token 200
[debug] [2024-03-05T08:10:16.248Z] <<< [apiv2][body] POST https://www.googleapis.com/oauth2/v3/token [omitted]
[debug] [2024-03-05T08:10:17.030Z] >>> [apiv2][query] GET https://firebase.googleapis.com/v1beta1/projects/jatimtour [none]
[debug] [2024-03-05T08:10:17.439Z] <<< [apiv2][status] GET https://firebase.googleapis.com/v1beta1/projects/jatimtour 200
[debug] [2024-03-05T08:10:17.439Z] <<< [apiv2][body] GET https://firebase.googleapis.com/v1beta1/projects/jatimtour {"projectId":"jatimtour","projectNumber":"900388906458","displayName":"jatimtour","name":"projects/jatimtour","resources":{"hostingSite":"jatimtour","realtimeDatabaseInstance":"jatimtour-default-rtdb"},"state":"ACTIVE","etag":"1_99be3db1-f3f4-45e6-85e7-c3c42b2db929"}
[debug] [2024-03-05T08:10:17.441Z] database rules config:  [{"instance":"jatimtour-default-rtdb","rules":"/home/rain/Programming/Dart/jatimtour/database.rules.json"}]
[debug] [2024-03-05T08:10:17.446Z] Ignoring unsupported arg: projectId {"metadata":{"emulator":{"name":"database"},"message":"Ignoring unsupported arg: projectId"}}
[debug] [2024-03-05T08:10:17.446Z] Ignoring unsupported arg: auto_download {"metadata":{"emulator":{"name":"database"},"message":"Ignoring unsupported arg: auto_download"}}
[debug] [2024-03-05T08:10:17.446Z] Ignoring unsupported arg: rules {"metadata":{"emulator":{"name":"database"},"message":"Ignoring unsupported arg: rules"}}
[debug] [2024-03-05T08:10:17.447Z] Starting Database Emulator with command {"binary":"java","args":["-Duser.language=en","-jar","/home/rain/.cache/firebase/emulators/firebase-database-emulator-v4.11.2.jar","--host","127.0.0.1","--port",9000,"--single_project_mode","Warning"],"optionalArgs":["port","host","functions_emulator_port","functions_emulator_host","single_project_mode"],"joinArgs":false} {"metadata":{"emulator":{"name":"database"},"message":"Starting Database Emulator with command {\"binary\":\"java\",\"args\":[\"-Duser.language=en\",\"-jar\",\"/home/rain/.cache/firebase/emulators/firebase-database-emulator-v4.11.2.jar\",\"--host\",\"127.0.0.1\",\"--port\",9000,\"--single_project_mode\",\"Warning\"],\"optionalArgs\":[\"port\",\"host\",\"functions_emulator_port\",\"functions_emulator_host\",\"single_project_mode\"],\"joinArgs\":false}"}}
[info] i  database: Database Emulator logging to database-debug.log {"metadata":{"emulator":{"name":"database"},"message":"Database Emulator logging to \u001b[1mdatabase-debug.log\u001b[22m"}}
[debug] [2024-03-05T08:10:28.884Z] 15:10:28.881 [NamespaceSystem-akka.actor.default-dispatcher-5] INFO akka.event.slf4j.Slf4jLogger - Slf4jLogger started
 {"metadata":{"emulator":{"name":"database"},"message":"15:10:28.881 [NamespaceSystem-akka.actor.default-dispatcher-5] INFO akka.event.slf4j.Slf4jLogger - Slf4jLogger started\n"}}
[debug] [2024-03-05T08:10:30.667Z] 15:10:30.666 [main] INFO com.firebase.server.forge.App$ - Listening at 127.0.0.1:9000
 {"metadata":{"emulator":{"name":"database"},"message":"15:10:30.666 [main] INFO com.firebase.server.forge.App$ - Listening at 127.0.0.1:9000\n"}}
[info] i  ui: downloading ui-v1.11.7.zip... {"metadata":{"emulator":{"name":"ui"},"message":"downloading ui-v1.11.7.zip..."}}
[debug] [2024-03-05T08:10:43.681Z] >>> [apiv2][query] GET https://storage.googleapis.com/firebase-preview-drop/emulator/ui-v1.11.7.zip 
[debug] [2024-03-05T08:10:44.917Z] <<< [apiv2][status] GET https://storage.googleapis.com/firebase-preview-drop/emulator/ui-v1.11.7.zip 200
[debug] [2024-03-05T08:10:44.917Z] <<< [apiv2][body] GET https://storage.googleapis.com/firebase-preview-drop/emulator/ui-v1.11.7.zip [stream]
[debug] [2024-03-05T08:10:46.121Z] Data is 3064105
[debug] [2024-03-05T08:10:46.122Z] [unzip] Entry: client/ (compressed_size=0 bytes, uncompressed_size=0 bytes)
[debug] [2024-03-05T08:10:46.122Z] [unzip] Processing entry: client/
[debug] [2024-03-05T08:10:46.122Z] [unzip] mkdir: /home/rain/.cache/firebase/emulators/ui-v1.11.7/client/
[debug] [2024-03-05T08:10:46.124Z] [unzip] Entry: client/favicon.ico (compressed_size=2497 bytes, uncompressed_size=7406 bytes)
[debug] [2024-03-05T08:10:46.124Z] [unzip] Processing entry: client/favicon.ico
[debug] [2024-03-05T08:10:46.124Z] [unzip] else mkdir: /home/rain/.cache/firebase/emulators/ui-v1.11.7/client
[debug] [2024-03-05T08:10:46.125Z] [unzip] deflating: /home/rain/.cache/firebase/emulators/ui-v1.11.7/client/favicon.ico
[debug] [2024-03-05T08:10:46.130Z] [unzip] Entry: client/apple-touch-icon.png (compressed_size=7231 bytes, uncompressed_size=7367 bytes)
[debug] [2024-03-05T08:10:46.130Z] [unzip] Processing entry: client/apple-touch-icon.png
[debug] [2024-03-05T08:10:46.130Z] [unzip] else mkdir: /home/rain/.cache/firebase/emulators/ui-v1.11.7/client
[debug] [2024-03-05T08:10:46.130Z] [unzip] deflating: /home/rain/.cache/firebase/emulators/ui-v1.11.7/client/apple-touch-icon.png
[debug] [2024-03-05T08:10:46.132Z] [unzip] Entry: client/android-chrome-512x512.png (compressed_size=16987 bytes, uncompressed_size=18186 bytes)
[debug] [2024-03-05T08:10:46.132Z] [unzip] Processing entry: client/android-chrome-512x512.png
[debug] [2024-03-05T08:10:46.132Z] [unzip] else mkdir: /home/rain/.cache/firebase/emulators/ui-v1.11.7/client
[debug] [2024-03-05T08:10:46.132Z] [unzip] deflating: /home/rain/.cache/firebase/emulators/ui-v1.11.7/client/android-chrome-512x512.png
[debug] [2024-03-05T08:10:46.135Z] [unzip] Entry: client/assets/ (compressed_size=0 bytes, uncompressed_size=0 bytes)
[debug] [2024-03-05T08:10:46.135Z] [unzip] Processing entry: client/assets/
[debug] [2024-03-05T08:10:46.135Z] [unzip] mkdir: /home/rain/.cache/firebase/emulators/ui-v1.11.7/client/assets/
[debug] [2024-03-05T08:10:46.136Z] [unzip] Entry: client/assets/extensions/ (compressed_size=0 bytes, uncompressed_size=0 bytes)
[debug] [2024-03-05T08:10:46.136Z] [unzip] Processing entry: client/assets/extensions/
[debug] [2024-03-05T08:10:46.136Z] [unzip] mkdir: /home/rain/.cache/firebase/emulators/ui-v1.11.7/client/assets/extensions/
[debug] [2024-03-05T08:10:46.136Z] [unzip] Entry: client/assets/extensions/default-extension.png (compressed_size=1646 bytes, uncompressed_size=1657 bytes)
[debug] [2024-03-05T08:10:46.136Z] [unzip] Processing entry: client/assets/extensions/default-extension.png
[debug] [2024-03-05T08:10:46.137Z] [unzip] else mkdir: /home/rain/.cache/firebase/emulators/ui-v1.11.7/client/assets/extensions
[debug] [2024-03-05T08:10:46.137Z] [unzip] deflating: /home/rain/.cache/firebase/emulators/ui-v1.11.7/client/assets/extensions/default-extension.png
[debug] [2024-03-05T08:10:46.141Z] [unzip] Entry: client/assets/index.58ca09f7.css (compressed_size=37601 bytes, uncompressed_size=321252 bytes)
[debug] [2024-03-05T08:10:46.141Z] [unzip] Processing entry: client/assets/index.58ca09f7.css
[debug] [2024-03-05T08:10:46.141Z] [unzip] else mkdir: /home/rain/.cache/firebase/emulators/ui-v1.11.7/client/assets
[debug] [2024-03-05T08:10:46.142Z] [unzip] deflating: /home/rain/.cache/firebase/emulators/ui-v1.11.7/client/assets/index.58ca09f7.css
[debug] [2024-03-05T08:10:46.145Z] [unzip] Entry: client/assets/index.c2583d42.js (compressed_size=526232 bytes, uncompressed_size=1860152 bytes)
[debug] [2024-03-05T08:10:46.145Z] [unzip] Processing entry: client/assets/index.c2583d42.js
[debug] [2024-03-05T08:10:46.145Z] [unzip] else mkdir: /home/rain/.cache/firebase/emulators/ui-v1.11.7/client/assets
[debug] [2024-03-05T08:10:46.145Z] [unzip] deflating: /home/rain/.cache/firebase/emulators/ui-v1.11.7/client/assets/index.c2583d42.js
[debug] [2024-03-05T08:10:46.164Z] [unzip] Entry: client/assets/provider-icons/ (compressed_size=0 bytes, uncompressed_size=0 bytes)
[debug] [2024-03-05T08:10:46.164Z] [unzip] Processing entry: client/assets/provider-icons/
[debug] [2024-03-05T08:10:46.164Z] [unzip] mkdir: /home/rain/.cache/firebase/emulators/ui-v1.11.7/client/assets/provider-icons/
[debug] [2024-03-05T08:10:46.164Z] [unzip] Entry: client/assets/provider-icons/auth_service_oidc.svg (compressed_size=414 bytes, uncompressed_size=858 bytes)
[debug] [2024-03-05T08:10:46.164Z] [unzip] Processing entry: client/assets/provider-icons/auth_service_oidc.svg
[debug] [2024-03-05T08:10:46.164Z] [unzip] else mkdir: /home/rain/.cache/firebase/emulators/ui-v1.11.7/client/assets/provider-icons
[debug] [2024-03-05T08:10:46.165Z] [unzip] deflating: /home/rain/.cache/firebase/emulators/ui-v1.11.7/client/assets/provider-icons/auth_service_oidc.svg
[debug] [2024-03-05T08:10:46.166Z] [unzip] Entry: client/assets/provider-icons/auth_service_yahoo.svg (compressed_size=577 bytes, uncompressed_size=1182 bytes)
[debug] [2024-03-05T08:10:46.166Z] [unzip] Processing entry: client/assets/provider-icons/auth_service_yahoo.svg
[debug] [2024-03-05T08:10:46.167Z] [unzip] else mkdir: /home/rain/.cache/firebase/emulators/ui-v1.11.7/client/assets/provider-icons
[debug] [2024-03-05T08:10:46.168Z] [unzip] deflating: /home/rain/.cache/firebase/emulators/ui-v1.11.7/client/assets/provider-icons/auth_service_yahoo.svg
[debug] [2024-03-05T08:10:46.169Z] [unzip] Entry: client/assets/provider-icons/auth_service_phone.svg (compressed_size=261 bytes, uncompressed_size=414 bytes)
[debug] [2024-03-05T08:10:46.170Z] [unzip] Processing entry: client/assets/provider-icons/auth_service_phone.svg
[debug] [2024-03-05T08:10:46.170Z] [unzip] else mkdir: /home/rain/.cache/firebase/emulators/ui-v1.11.7/client/assets/provider-icons
[debug] [2024-03-05T08:10:46.170Z] [unzip] deflating: /home/rain/.cache/firebase/emulators/ui-v1.11.7/client/assets/provider-icons/auth_service_phone.svg
[debug] [2024-03-05T08:10:46.172Z] [unzip] Entry: client/assets/provider-icons/auth_service_saml.svg (compressed_size=575 bytes, uncompressed_size=1226 bytes)
[debug] [2024-03-05T08:10:46.172Z] [unzip] Processing entry: client/assets/provider-icons/auth_service_saml.svg
[debug] [2024-03-05T08:10:46.172Z] [unzip] else mkdir: /home/rain/.cache/firebase/emulators/ui-v1.11.7/client/assets/provider-icons
[debug] [2024-03-05T08:10:46.173Z] [unzip] deflating: /home/rain/.cache/firebase/emulators/ui-v1.11.7/client/assets/provider-icons/auth_service_saml.svg
[debug] [2024-03-05T08:10:46.174Z] [unzip] Entry: client/assets/provider-icons/auth_service_mslive.svg (compressed_size=203 bytes, uncompressed_size=378 bytes)
[debug] [2024-03-05T08:10:46.174Z] [unzip] Processing entry: client/assets/provider-icons/auth_service_mslive.svg
[debug] [2024-03-05T08:10:46.174Z] [unzip] else mkdir: /home/rain/.cache/firebase/emulators/ui-v1.11.7/client/assets/provider-icons
[debug] [2024-03-05T08:10:46.175Z] [unzip] deflating: /home/rain/.cache/firebase/emulators/ui-v1.11.7/client/assets/provider-icons/auth_service_mslive.svg
[debug] [2024-03-05T08:10:46.177Z] [unzip] Entry: client/assets/provider-icons/auth_service_facebook.svg (compressed_size=289 bytes, uncompressed_size=457 bytes)
[debug] [2024-03-05T08:10:46.177Z] [unzip] Processing entry: client/assets/provider-icons/auth_service_facebook.svg
[debug] [2024-03-05T08:10:46.177Z] [unzip] else mkdir: /home/rain/.cache/firebase/emulators/ui-v1.11.7/client/assets/provider-icons
[debug] [2024-03-05T08:10:46.177Z] [unzip] deflating: /home/rain/.cache/firebase/emulators/ui-v1.11.7/client/assets/provider-icons/auth_service_facebook.svg
[debug] [2024-03-05T08:10:46.179Z] [unzip] Entry: client/assets/provider-icons/auth_service_play_games.svg (compressed_size=565 bytes, uncompressed_size=1173 bytes)
[debug] [2024-03-05T08:10:46.179Z] [unzip] Processing entry: client/assets/provider-icons/auth_service_play_games.svg
[debug] [2024-03-05T08:10:46.179Z] [unzip] else mkdir: /home/rain/.cache/firebase/emulators/ui-v1.11.7/client/assets/provider-icons
[debug] [2024-03-05T08:10:46.180Z] [unzip] deflating: /home/rain/.cache/firebase/emulators/ui-v1.11.7/client/assets/provider-icons/auth_service_play_games.svg
[debug] [2024-03-05T08:10:46.181Z] [unzip] Entry: client/assets/provider-icons/auth_service_github.svg (compressed_size=466 bytes, uncompressed_size=838 bytes)
[debug] [2024-03-05T08:10:46.181Z] [unzip] Processing entry: client/assets/provider-icons/auth_service_github.svg
[debug] [2024-03-05T08:10:46.181Z] [unzip] else mkdir: /home/rain/.cache/firebase/emulators/ui-v1.11.7/client/assets/provider-icons
[debug] [2024-03-05T08:10:46.182Z] [unzip] deflating: /home/rain/.cache/firebase/emulators/ui-v1.11.7/client/assets/provider-icons/auth_service_github.svg
[debug] [2024-03-05T08:10:46.184Z] [unzip] Entry: client/assets/provider-icons/auth_service_apple.svg (compressed_size=230 bytes, uncompressed_size=334 bytes)
[debug] [2024-03-05T08:10:46.184Z] [unzip] Processing entry: client/assets/provider-icons/auth_service_apple.svg
[debug] [2024-03-05T08:10:46.184Z] [unzip] else mkdir: /home/rain/.cache/firebase/emulators/ui-v1.11.7/client/assets/provider-icons
[debug] [2024-03-05T08:10:46.184Z] [unzip] deflating: /home/rain/.cache/firebase/emulators/ui-v1.11.7/client/assets/provider-icons/auth_service_apple.svg
[debug] [2024-03-05T08:10:46.186Z] [unzip] Entry: client/assets/provider-icons/auth_service_google.svg (compressed_size=409 bytes, uncompressed_size=720 bytes)
[debug] [2024-03-05T08:10:46.186Z] [unzip] Processing entry: client/assets/provider-icons/auth_service_google.svg
[debug] [2024-03-05T08:10:46.186Z] [unzip] else mkdir: /home/rain/.cache/firebase/emulators/ui-v1.11.7/client/assets/provider-icons
[debug] [2024-03-05T08:10:46.186Z] [unzip] deflating: /home/rain/.cache/firebase/emulators/ui-v1.11.7/client/assets/provider-icons/auth_service_google.svg
[debug] [2024-03-05T08:10:46.188Z] [unzip] Entry: client/assets/provider-icons/auth_service_email.svg (compressed_size=228 bytes, uncompressed_size=326 bytes)
[debug] [2024-03-05T08:10:46.188Z] [unzip] Processing entry: client/assets/provider-icons/auth_service_email.svg
[debug] [2024-03-05T08:10:46.188Z] [unzip] else mkdir: /home/rain/.cache/firebase/emulators/ui-v1.11.7/client/assets/provider-icons
[debug] [2024-03-05T08:10:46.188Z] [unzip] deflating: /home/rain/.cache/firebase/emulators/ui-v1.11.7/client/assets/provider-icons/auth_service_email.svg
[debug] [2024-03-05T08:10:46.189Z] [unzip] Entry: client/assets/provider-icons/auth_service_twitter.svg (compressed_size=444 bytes, uncompressed_size=751 bytes)
[debug] [2024-03-05T08:10:46.189Z] [unzip] Processing entry: client/assets/provider-icons/auth_service_twitter.svg
[debug] [2024-03-05T08:10:46.189Z] [unzip] else mkdir: /home/rain/.cache/firebase/emulators/ui-v1.11.7/client/assets/provider-icons
[debug] [2024-03-05T08:10:46.190Z] [unzip] deflating: /home/rain/.cache/firebase/emulators/ui-v1.11.7/client/assets/provider-icons/auth_service_twitter.svg
[debug] [2024-03-05T08:10:46.191Z] [unzip] Entry: client/assets/provider-icons/auth_service_game_center.svg (compressed_size=991 bytes, uncompressed_size=3921 bytes)
[debug] [2024-03-05T08:10:46.191Z] [unzip] Processing entry: client/assets/provider-icons/auth_service_game_center.svg
[debug] [2024-03-05T08:10:46.191Z] [unzip] else mkdir: /home/rain/.cache/firebase/emulators/ui-v1.11.7/client/assets/provider-icons
[debug] [2024-03-05T08:10:46.191Z] [unzip] deflating: /home/rain/.cache/firebase/emulators/ui-v1.11.7/client/assets/provider-icons/auth_service_game_center.svg
[debug] [2024-03-05T08:10:46.192Z] [unzip] Entry: client/assets/index.c2583d42.js.map (compressed_size=1778557 bytes, uncompressed_size=7961927 bytes)
[debug] [2024-03-05T08:10:46.192Z] [unzip] Processing entry: client/assets/index.c2583d42.js.map
[debug] [2024-03-05T08:10:46.192Z] [unzip] else mkdir: /home/rain/.cache/firebase/emulators/ui-v1.11.7/client/assets
[debug] [2024-03-05T08:10:46.192Z] [unzip] deflating: /home/rain/.cache/firebase/emulators/ui-v1.11.7/client/assets/index.c2583d42.js.map
[debug] [2024-03-05T08:10:46.245Z] [unzip] Entry: client/assets/img/ (compressed_size=0 bytes, uncompressed_size=0 bytes)
[debug] [2024-03-05T08:10:46.245Z] [unzip] Processing entry: client/assets/img/
[debug] [2024-03-05T08:10:46.245Z] [unzip] mkdir: /home/rain/.cache/firebase/emulators/ui-v1.11.7/client/assets/img/
[debug] [2024-03-05T08:10:46.246Z] [unzip] Entry: client/assets/img/database.png (compressed_size=29449 bytes, uncompressed_size=29988 bytes)
[debug] [2024-03-05T08:10:46.246Z] [unzip] Processing entry: client/assets/img/database.png
[debug] [2024-03-05T08:10:46.246Z] [unzip] else mkdir: /home/rain/.cache/firebase/emulators/ui-v1.11.7/client/assets/img
[debug] [2024-03-05T08:10:46.247Z] [unzip] deflating: /home/rain/.cache/firebase/emulators/ui-v1.11.7/client/assets/img/database.png
[debug] [2024-03-05T08:10:46.248Z] [unzip] Entry: client/safari-pinned-tab.svg (compressed_size=838 bytes, uncompressed_size=1504 bytes)
[debug] [2024-03-05T08:10:46.248Z] [unzip] Processing entry: client/safari-pinned-tab.svg
[debug] [2024-03-05T08:10:46.248Z] [unzip] else mkdir: /home/rain/.cache/firebase/emulators/ui-v1.11.7/client
[debug] [2024-03-05T08:10:46.248Z] [unzip] deflating: /home/rain/.cache/firebase/emulators/ui-v1.11.7/client/safari-pinned-tab.svg
[debug] [2024-03-05T08:10:46.249Z] [unzip] Entry: client/mstile-150x150.png (compressed_size=5406 bytes, uncompressed_size=5723 bytes)
[debug] [2024-03-05T08:10:46.249Z] [unzip] Processing entry: client/mstile-150x150.png
[debug] [2024-03-05T08:10:46.249Z] [unzip] else mkdir: /home/rain/.cache/firebase/emulators/ui-v1.11.7/client
[debug] [2024-03-05T08:10:46.250Z] [unzip] deflating: /home/rain/.cache/firebase/emulators/ui-v1.11.7/client/mstile-150x150.png
[debug] [2024-03-05T08:10:46.251Z] [unzip] Entry: client/browserconfig.xml (compressed_size=491 bytes, uncompressed_size=822 bytes)
[debug] [2024-03-05T08:10:46.251Z] [unzip] Processing entry: client/browserconfig.xml
[debug] [2024-03-05T08:10:46.251Z] [unzip] else mkdir: /home/rain/.cache/firebase/emulators/ui-v1.11.7/client
[debug] [2024-03-05T08:10:46.251Z] [unzip] deflating: /home/rain/.cache/firebase/emulators/ui-v1.11.7/client/browserconfig.xml
[debug] [2024-03-05T08:10:46.255Z] [unzip] Entry: client/robots.txt (compressed_size=26 bytes, uncompressed_size=26 bytes)
[debug] [2024-03-05T08:10:46.255Z] [unzip] Processing entry: client/robots.txt
[debug] [2024-03-05T08:10:46.255Z] [unzip] else mkdir: /home/rain/.cache/firebase/emulators/ui-v1.11.7/client
[debug] [2024-03-05T08:10:46.256Z] [unzip] Writing file: /home/rain/.cache/firebase/emulators/ui-v1.11.7/client/robots.txt
[debug] [2024-03-05T08:10:46.257Z] [unzip] Entry: client/index.html (compressed_size=1363 bytes, uncompressed_size=3064 bytes)
[debug] [2024-03-05T08:10:46.257Z] [unzip] Processing entry: client/index.html
[debug] [2024-03-05T08:10:46.257Z] [unzip] else mkdir: /home/rain/.cache/firebase/emulators/ui-v1.11.7/client
[debug] [2024-03-05T08:10:46.258Z] [unzip] deflating: /home/rain/.cache/firebase/emulators/ui-v1.11.7/client/index.html
[debug] [2024-03-05T08:10:46.259Z] [unzip] Entry: client/favicon-16x16.png (compressed_size=757 bytes, uncompressed_size=777 bytes)
[debug] [2024-03-05T08:10:46.260Z] [unzip] Processing entry: client/favicon-16x16.png
[debug] [2024-03-05T08:10:46.260Z] [unzip] else mkdir: /home/rain/.cache/firebase/emulators/ui-v1.11.7/client
[debug] [2024-03-05T08:10:46.260Z] [unzip] deflating: /home/rain/.cache/firebase/emulators/ui-v1.11.7/client/favicon-16x16.png
[debug] [2024-03-05T08:10:46.261Z] [unzip] Entry: client/manifest.json (compressed_size=246 bytes, uncompressed_size=551 bytes)
[debug] [2024-03-05T08:10:46.261Z] [unzip] Processing entry: client/manifest.json
[debug] [2024-03-05T08:10:46.261Z] [unzip] else mkdir: /home/rain/.cache/firebase/emulators/ui-v1.11.7/client
[debug] [2024-03-05T08:10:46.261Z] [unzip] deflating: /home/rain/.cache/firebase/emulators/ui-v1.11.7/client/manifest.json
[debug] [2024-03-05T08:10:46.262Z] [unzip] Entry: client/favicon-32x32.png (compressed_size=1175 bytes, uncompressed_size=1175 bytes)
[debug] [2024-03-05T08:10:46.263Z] [unzip] Processing entry: client/favicon-32x32.png
[debug] [2024-03-05T08:10:46.263Z] [unzip] else mkdir: /home/rain/.cache/firebase/emulators/ui-v1.11.7/client
[debug] [2024-03-05T08:10:46.263Z] [unzip] Writing file: /home/rain/.cache/firebase/emulators/ui-v1.11.7/client/favicon-32x32.png
[debug] [2024-03-05T08:10:46.263Z] [unzip] Entry: client/android-chrome-192x192.png (compressed_size=7602 bytes, uncompressed_size=7834 bytes)
[debug] [2024-03-05T08:10:46.263Z] [unzip] Processing entry: client/android-chrome-192x192.png
[debug] [2024-03-05T08:10:46.263Z] [unzip] else mkdir: /home/rain/.cache/firebase/emulators/ui-v1.11.7/client
[debug] [2024-03-05T08:10:46.264Z] [unzip] deflating: /home/rain/.cache/firebase/emulators/ui-v1.11.7/client/android-chrome-192x192.png
[debug] [2024-03-05T08:10:46.264Z] [unzip] Entry: server/ (compressed_size=0 bytes, uncompressed_size=0 bytes)
[debug] [2024-03-05T08:10:46.265Z] [unzip] Processing entry: server/
[debug] [2024-03-05T08:10:46.265Z] [unzip] mkdir: /home/rain/.cache/firebase/emulators/ui-v1.11.7/server/
[debug] [2024-03-05T08:10:46.265Z] [unzip] Entry: server/server.js (compressed_size=343746 bytes, uncompressed_size=1346374 bytes)
[debug] [2024-03-05T08:10:46.265Z] [unzip] Processing entry: server/server.js
[debug] [2024-03-05T08:10:46.265Z] [unzip] else mkdir: /home/rain/.cache/firebase/emulators/ui-v1.11.7/server
[debug] [2024-03-05T08:10:46.265Z] [unzip] deflating: /home/rain/.cache/firebase/emulators/ui-v1.11.7/server/server.js
[debug] [2024-03-05T08:10:46.275Z] [unzip] Entry: server/server.js.map (compressed_size=289157 bytes, uncompressed_size=1325651 bytes)
[debug] [2024-03-05T08:10:46.275Z] [unzip] Processing entry: server/server.js.map
[debug] [2024-03-05T08:10:46.275Z] [unzip] else mkdir: /home/rain/.cache/firebase/emulators/ui-v1.11.7/server
[debug] [2024-03-05T08:10:46.275Z] [unzip] deflating: /home/rain/.cache/firebase/emulators/ui-v1.11.7/server/server.js.map
[debug] [2024-03-05T08:10:46.335Z] Ignoring unsupported arg: auto_download {"metadata":{"emulator":{"name":"ui"},"message":"Ignoring unsupported arg: auto_download"}}
[debug] [2024-03-05T08:10:46.336Z] Ignoring unsupported arg: port {"metadata":{"emulator":{"name":"ui"},"message":"Ignoring unsupported arg: port"}}
[debug] [2024-03-05T08:10:46.336Z] Starting Emulator UI with command {"binary":"node","args":["/home/rain/.cache/firebase/emulators/ui-v1.11.7/server/server.js"],"optionalArgs":[],"joinArgs":false} {"metadata":{"emulator":{"name":"ui"},"message":"Starting Emulator UI with command {\"binary\":\"node\",\"args\":[\"/home/rain/.cache/firebase/emulators/ui-v1.11.7/server/server.js\"],\"optionalArgs\":[],\"joinArgs\":false}"}}
[info] i  ui: Emulator UI logging to ui-debug.log {"metadata":{"emulator":{"name":"ui"},"message":"Emulator UI logging to \u001b[1mui-debug.log\u001b[22m"}}
[debug] [2024-03-05T08:10:46.622Z] Web / API server started at 127.0.0.1:4000
 {"metadata":{"emulator":{"name":"ui"},"message":"Web / API server started at 127.0.0.1:4000\n"}}
[debug] [2024-03-05T08:10:46.623Z] Web / API server started at ::1:4000
 {"metadata":{"emulator":{"name":"ui"},"message":"Web / API server started at ::1:4000\n"}}
[debug] [2024-03-05T08:10:46.757Z] Mar 05, 2024 3:10:46 PM com.google.cloud.datastore.emulator.firestore.websocket.WebSocketChannelHandler initChannel
INFO: Connected to new websocket client
 {"metadata":{"emulator":{"name":"firestore"},"message":"Mar 05, 2024 3:10:46 PM com.google.cloud.datastore.emulator.firestore.websocket.WebSocketChannelHandler initChannel\nINFO: Connected to new websocket client\n"}}
[debug] [2024-03-05T08:10:46.765Z] Mar 05, 2024 3:10:46 PM com.google.cloud.datastore.emulator.firestore.websocket.WebSocketChannelHandler initChannel
INFO: Connected to new websocket client
 {"metadata":{"emulator":{"name":"firestore"},"message":"Mar 05, 2024 3:10:46 PM com.google.cloud.datastore.emulator.firestore.websocket.WebSocketChannelHandler initChannel\nINFO: Connected to new websocket client\n"}}
[debug] [2024-03-05T08:10:46.975Z] >>> [apiv2][query] PUT http://127.0.0.1:9000/.settings/rules.json ns=jatimtour-default-rtdb
[debug] [2024-03-05T08:10:46.975Z] >>> [apiv2][body] PUT http://127.0.0.1:9000/.settings/rules.json "{\n  /* Visit https://firebase.google.com/docs/database/security to learn more about security rules. */\n  \"rules\": {\n    \".read\": false,\n    \".write\": false\n  }\n}"
[debug] [2024-03-05T08:10:48.763Z] 15:10:48.762 [NamespaceSystem-akka.actor.default-dispatcher-7] INFO com.firebase.core.namespace.NamespaceActor - jatimtour-default-rtdb successfully activated FBKV (SurveyIdle(0)) wait: 657ms, init: 0ms
 {"metadata":{"emulator":{"name":"database"},"message":"15:10:48.762 [NamespaceSystem-akka.actor.default-dispatcher-7] INFO com.firebase.core.namespace.NamespaceActor - jatimtour-default-rtdb successfully activated FBKV (SurveyIdle(0)) wait: 657ms, init: 0ms\n"}}
[debug] [2024-03-05T08:10:48.899Z] 15:10:48.899 [NamespaceSystem-blocking-namespace-operation-dispatcher-8] INFO com.firebase.core.namespace.StateManager - Namespace jatimtour-default-rtdb status Active to Active
 {"metadata":{"emulator":{"name":"database"},"message":"15:10:48.899 [NamespaceSystem-blocking-namespace-operation-dispatcher-8] INFO com.firebase.core.namespace.StateManager - Namespace jatimtour-default-rtdb status Active to Active\n"}}
[debug] [2024-03-05T08:10:49.057Z] <<< [apiv2][status] PUT http://127.0.0.1:9000/.settings/rules.json 200
[debug] [2024-03-05T08:10:49.057Z] <<< [apiv2][body] PUT http://127.0.0.1:9000/.settings/rules.json {"status":"ok"}
[info] 
┌─────────────────────────────────────────────────────────────┐
│ ✔  All emulators ready! It is now safe to connect your app. │
│ i  View Emulator UI at http://127.0.0.1:4000/               │
└─────────────────────────────────────────────────────────────┘

┌────────────────┬────────────────┬─────────────────────────────────┐
│ Emulator       │ Host:Port      │ View in Emulator UI             │
├────────────────┼────────────────┼─────────────────────────────────┤
│ Authentication │ 127.0.0.1:9099 │ http://127.0.0.1:4000/auth      │
├────────────────┼────────────────┼─────────────────────────────────┤
│ Firestore      │ 127.0.0.1:8080 │ http://127.0.0.1:4000/firestore │
├────────────────┼────────────────┼─────────────────────────────────┤
│ Database       │ 127.0.0.1:9000 │ http://127.0.0.1:4000/database  │
└────────────────┴────────────────┴─────────────────────────────────┘
  Emulator Hub running at 127.0.0.1:4400
  Other reserved ports: 4500, 9150

Issues? Report them at https://github.com/firebase/firebase-tools/issues and attach the *-debug.log files.
 
[debug] [2024-03-05T08:10:59.324Z] Mar 05, 2024 3:10:59 PM com.google.cloud.datastore.emulator.firestore.websocket.WebSocketChannelHandler channelClosed
INFO: Websocket client disconnected
 {"metadata":{"emulator":{"name":"firestore"},"message":"Mar 05, 2024 3:10:59 PM com.google.cloud.datastore.emulator.firestore.websocket.WebSocketChannelHandler channelClosed\nINFO: Websocket client disconnected\n"}}
[debug] [2024-03-05T08:11:11.660Z] Mar 05, 2024 3:11:11 PM com.google.cloud.datastore.emulator.firestore.websocket.WebSocketChannelHandler initChannel
INFO: Connected to new websocket client
 {"metadata":{"emulator":{"name":"firestore"},"message":"Mar 05, 2024 3:11:11 PM com.google.cloud.datastore.emulator.firestore.websocket.WebSocketChannelHandler initChannel\nINFO: Connected to new websocket client\n"}}
[debug] [2024-03-05T08:11:47.375Z] Mar 05, 2024 3:11:47 PM com.google.cloud.datastore.emulator.firestore.websocket.WebSocketChannelHandler channelClosed
INFO: Websocket client disconnected
 {"metadata":{"emulator":{"name":"firestore"},"message":"Mar 05, 2024 3:11:47 PM com.google.cloud.datastore.emulator.firestore.websocket.WebSocketChannelHandler channelClosed\nINFO: Websocket client disconnected\n"}}
[debug] [2024-03-05T08:11:58.557Z] 15:11:58.555 [FirebaseWorkerPool-1-4] WARN com.firebase.core.persistence.backend.dummy.EmulatorMetadataPersistence - Multiple projectIds are not recommended in single project mode. Requested 
namespace jatimtour, but the emulator is configured for jatimtour-default-rtdb. To 
opt-out of single project mode add/set the singleProjectMode: false property in 
the firebase.json emulators config. 
 {"metadata":{"emulator":{"name":"database"},"message":"15:11:58.555 [FirebaseWorkerPool-1-4] WARN com.firebase.core.persistence.backend.dummy.EmulatorMetadataPersistence - Multiple projectIds are not recommended in single project mode. Requested \nnamespace jatimtour, but the emulator is configured for jatimtour-default-rtdb. To \nopt-out of single project mode add/set the singleProjectMode: false property in \nthe firebase.json emulators config. \n"}}
[debug] [2024-03-05T08:11:58.639Z] 15:11:58.636 [NamespaceSystem-akka.actor.default-dispatcher-6] INFO com.firebase.core.namespace.NamespaceActor - jatimtour successfully activated FBKV (SurveyIdle(0)) wait: 53ms, init: 0ms
 {"metadata":{"emulator":{"name":"database"},"message":"15:11:58.636 [NamespaceSystem-akka.actor.default-dispatcher-6] INFO com.firebase.core.namespace.NamespaceActor - jatimtour successfully activated FBKV (SurveyIdle(0)) wait: 53ms, init: 0ms\n"}}
[debug] [2024-03-05T08:13:11.346Z] Mar 05, 2024 3:13:11 PM com.google.cloud.datastore.emulator.firestore.websocket.WebSocketChannelHandler initChannel
INFO: Connected to new websocket client
 {"metadata":{"emulator":{"name":"firestore"},"message":"Mar 05, 2024 3:13:11 PM com.google.cloud.datastore.emulator.firestore.websocket.WebSocketChannelHandler initChannel\nINFO: Connected to new websocket client\n"}}
[debug] [2024-03-05T08:14:21.470Z] Mar 05, 2024 3:14:21 PM com.google.cloud.datastore.emulator.firestore.websocket.WebSocketChannelHandler channelClosed
INFO: Websocket client disconnected
 {"metadata":{"emulator":{"name":"firestore"},"message":"Mar 05, 2024 3:14:21 PM com.google.cloud.datastore.emulator.firestore.websocket.WebSocketChannelHandler channelClosed\nINFO: Websocket client disconnected\n"}}
[debug] [2024-03-05T08:14:22.533Z] Mar 05, 2024 3:14:22 PM com.google.cloud.datastore.emulator.firestore.websocket.WebSocketChannelHandler initChannel
INFO: Connected to new websocket client
 {"metadata":{"emulator":{"name":"firestore"},"message":"Mar 05, 2024 3:14:22 PM com.google.cloud.datastore.emulator.firestore.websocket.WebSocketChannelHandler initChannel\nINFO: Connected to new websocket client\n"}}
[debug] [2024-03-05T08:29:23.176Z] Mar 05, 2024 3:29:23 PM com.google.cloud.datastore.emulator.firestore.websocket.WebSocketChannelHandler channelClosed
INFO: Websocket client disconnected
 {"metadata":{"emulator":{"name":"firestore"},"message":"Mar 05, 2024 3:29:23 PM com.google.cloud.datastore.emulator.firestore.websocket.WebSocketChannelHandler channelClosed\nINFO: Websocket client disconnected\n"}}
[debug] [2024-03-05T08:29:23.186Z] Mar 05, 2024 3:29:23 PM com.google.cloud.datastore.emulator.firestore.websocket.WebSocketChannelHandler channelClosed
INFO: Websocket client disconnected
 {"metadata":{"emulator":{"name":"firestore"},"message":"Mar 05, 2024 3:29:23 PM com.google.cloud.datastore.emulator.firestore.websocket.WebSocketChannelHandler channelClosed\nINFO: Websocket client disconnected\n"}}
[debug] [2024-03-05T08:29:23.530Z] Mar 05, 2024 3:29:23 PM com.google.cloud.datastore.emulator.firestore.websocket.WebSocketChannelHandler initChannel
INFO: Connected to new websocket client
 {"metadata":{"emulator":{"name":"firestore"},"message":"Mar 05, 2024 3:29:23 PM com.google.cloud.datastore.emulator.firestore.websocket.WebSocketChannelHandler initChannel\nINFO: Connected to new websocket client\n"}}
[debug] [2024-03-05T08:29:27.566Z] Mar 05, 2024 3:29:27 PM com.google.cloud.datastore.emulator.firestore.websocket.WebSocketChannelHandler initChannel
INFO: Connected to new websocket client
 {"metadata":{"emulator":{"name":"firestore"},"message":"Mar 05, 2024 3:29:27 PM com.google.cloud.datastore.emulator.firestore.websocket.WebSocketChannelHandler initChannel\nINFO: Connected to new websocket client\n"}}
[debug] [2024-03-05T08:48:34.937Z] Mar 05, 2024 3:48:34 PM com.google.cloud.datastore.emulator.firestore.websocket.WebSocketChannelHandler channelClosed
INFO: Websocket client disconnected
 {"metadata":{"emulator":{"name":"firestore"},"message":"Mar 05, 2024 3:48:34 PM com.google.cloud.datastore.emulator.firestore.websocket.WebSocketChannelHandler channelClosed\nINFO: Websocket client disconnected\n"}}
